2025-08-03 16:44:56 [ERROR]: ❌ Ошибка подключения к базе данных:
2025-08-03 17:38:08 [ERROR]: ❌ Ошибка инициализации: sequelize.define is not a function
TypeError: sequelize.define is not a function
    at Object.<anonymous> (C:\Users\user\Desktop\darlingxcom\server\models\Quote.js:10:25)
    at Module._compile (node:internal/modules/cjs/loader:1730:14)
    at Object..js (node:internal/modules/cjs/loader:1895:10)
    at Module.load (node:internal/modules/cjs/loader:1465:32)
    at Function._load (node:internal/modules/cjs/loader:1282:12)
    at TracingChannel.traceSync (node:diagnostics_channel:322:14)
    at wrapModuleLoad (node:internal/modules/cjs/loader:235:24)
    at Module.require (node:internal/modules/cjs/loader:1487:12)
    at require (node:internal/modules/helpers:135:16)
    at Object.<anonymous> (C:\Users\user\Desktop\darlingxcom\server\routes\admin.js:10:15)
2025-08-03 17:38:42 [ERROR]: ❌ Ошибка инициализации: Router.use() requires a middleware function but got a Object
TypeError: Router.use() requires a middleware function but got a Object
    at Function.use (C:\Users\user\Desktop\darlingxcom\server\node_modules\express\lib\router\index.js:469:13)
    at Function.<anonymous> (C:\Users\user\Desktop\darlingxcom\server\node_modules\express\lib\application.js:227:21)
    at Array.forEach (<anonymous>)
    at Function.use (C:\Users\user\Desktop\darlingxcom\server\node_modules\express\lib\application.js:224:7)
    at Object.<anonymous> (C:\Users\user\Desktop\darlingxcom\server\server.js:97:5)
    at Module._compile (node:internal/modules/cjs/loader:1730:14)
    at Object..js (node:internal/modules/cjs/loader:1895:10)
    at Module.load (node:internal/modules/cjs/loader:1465:32)
    at Function._load (node:internal/modules/cjs/loader:1282:12)
    at TracingChannel.traceSync (node:diagnostics_channel:322:14)
2025-08-03 17:39:50 [ERROR]: ❌ Ошибка инициализации: Router.use() requires a middleware function but got a Object
TypeError: Router.use() requires a middleware function but got a Object
    at Function.use (C:\Users\user\Desktop\darlingxcom\server\node_modules\express\lib\router\index.js:469:13)
    at Function.<anonymous> (C:\Users\user\Desktop\darlingxcom\server\node_modules\express\lib\application.js:227:21)
    at Array.forEach (<anonymous>)
    at Function.use (C:\Users\user\Desktop\darlingxcom\server\node_modules\express\lib\application.js:224:7)
    at Object.<anonymous> (C:\Users\user\Desktop\darlingxcom\server\server.js:97:5)
    at Module._compile (node:internal/modules/cjs/loader:1730:14)
    at Object..js (node:internal/modules/cjs/loader:1895:10)
    at Module.load (node:internal/modules/cjs/loader:1465:32)
    at Function._load (node:internal/modules/cjs/loader:1282:12)
    at TracingChannel.traceSync (node:diagnostics_channel:322:14)
2025-08-03 17:40:01 [ERROR]: ❌ Ошибка инициализации: Router.use() requires a middleware function but got a Object
TypeError: Router.use() requires a middleware function but got a Object
    at Function.use (C:\Users\user\Desktop\darlingxcom\server\node_modules\express\lib\router\index.js:469:13)
    at Function.<anonymous> (C:\Users\user\Desktop\darlingxcom\server\node_modules\express\lib\application.js:227:21)
    at Array.forEach (<anonymous>)
    at Function.use (C:\Users\user\Desktop\darlingxcom\server\node_modules\express\lib\application.js:224:7)
    at Object.<anonymous> (C:\Users\user\Desktop\darlingxcom\server\server.js:97:5)
    at Module._compile (node:internal/modules/cjs/loader:1730:14)
    at Object..js (node:internal/modules/cjs/loader:1895:10)
    at Module.load (node:internal/modules/cjs/loader:1465:32)
    at Function._load (node:internal/modules/cjs/loader:1282:12)
    at TracingChannel.traceSync (node:diagnostics_channel:322:14)
2025-08-03 17:40:09 [ERROR]: ❌ Ошибка инициализации: Router.use() requires a middleware function but got a Object
TypeError: Router.use() requires a middleware function but got a Object
    at Function.use (C:\Users\user\Desktop\darlingxcom\server\node_modules\express\lib\router\index.js:469:13)
    at Function.<anonymous> (C:\Users\user\Desktop\darlingxcom\server\node_modules\express\lib\application.js:227:21)
    at Array.forEach (<anonymous>)
    at Function.use (C:\Users\user\Desktop\darlingxcom\server\node_modules\express\lib\application.js:224:7)
    at Object.<anonymous> (C:\Users\user\Desktop\darlingxcom\server\server.js:97:5)
    at Module._compile (node:internal/modules/cjs/loader:1730:14)
    at Object..js (node:internal/modules/cjs/loader:1895:10)
    at Module.load (node:internal/modules/cjs/loader:1465:32)
    at Function._load (node:internal/modules/cjs/loader:1282:12)
    at TracingChannel.traceSync (node:diagnostics_channel:322:14)
2025-08-03 17:40:20 [ERROR]: ❌ Ошибка инициализации: Router.use() requires a middleware function but got a Object
TypeError: Router.use() requires a middleware function but got a Object
    at Function.use (C:\Users\user\Desktop\darlingxcom\server\node_modules\express\lib\router\index.js:469:13)
    at Function.<anonymous> (C:\Users\user\Desktop\darlingxcom\server\node_modules\express\lib\application.js:227:21)
    at Array.forEach (<anonymous>)
    at Function.use (C:\Users\user\Desktop\darlingxcom\server\node_modules\express\lib\application.js:224:7)
    at Object.<anonymous> (C:\Users\user\Desktop\darlingxcom\server\server.js:97:5)
    at Module._compile (node:internal/modules/cjs/loader:1730:14)
    at Object..js (node:internal/modules/cjs/loader:1895:10)
    at Module.load (node:internal/modules/cjs/loader:1465:32)
    at Function._load (node:internal/modules/cjs/loader:1282:12)
    at TracingChannel.traceSync (node:diagnostics_channel:322:14)
2025-08-03 17:40:26 [ERROR]: ❌ Ошибка инициализации: Router.use() requires a middleware function but got a Object
TypeError: Router.use() requires a middleware function but got a Object
    at Function.use (C:\Users\user\Desktop\darlingxcom\server\node_modules\express\lib\router\index.js:469:13)
    at Function.<anonymous> (C:\Users\user\Desktop\darlingxcom\server\node_modules\express\lib\application.js:227:21)
    at Array.forEach (<anonymous>)
    at Function.use (C:\Users\user\Desktop\darlingxcom\server\node_modules\express\lib\application.js:224:7)
    at Object.<anonymous> (C:\Users\user\Desktop\darlingxcom\server\server.js:97:5)
    at Module._compile (node:internal/modules/cjs/loader:1730:14)
    at Object..js (node:internal/modules/cjs/loader:1895:10)
    at Module.load (node:internal/modules/cjs/loader:1465:32)
    at Function._load (node:internal/modules/cjs/loader:1282:12)
    at TracingChannel.traceSync (node:diagnostics_channel:322:14)
2025-08-03 17:44:55 [ERROR]: ❌ Ошибка инициализации: Router.use() requires a middleware function but got a Object
TypeError: Router.use() requires a middleware function but got a Object
    at Function.use (C:\Users\user\Desktop\darlingxcom\server\node_modules\express\lib\router\index.js:469:13)
    at Function.<anonymous> (C:\Users\user\Desktop\darlingxcom\server\node_modules\express\lib\application.js:227:21)
    at Array.forEach (<anonymous>)
    at Function.use (C:\Users\user\Desktop\darlingxcom\server\node_modules\express\lib\application.js:224:7)
    at Object.<anonymous> (C:\Users\user\Desktop\darlingxcom\server\server.js:98:5)
    at Module._compile (node:internal/modules/cjs/loader:1730:14)
    at Object..js (node:internal/modules/cjs/loader:1895:10)
    at Module.load (node:internal/modules/cjs/loader:1465:32)
    at Function._load (node:internal/modules/cjs/loader:1282:12)
    at TracingChannel.traceSync (node:diagnostics_channel:322:14)
2025-08-03 17:44:55 [ERROR]: ❌ Ошибка инициализации: Router.use() requires a middleware function but got a Object
TypeError: Router.use() requires a middleware function but got a Object
    at Function.use (C:\Users\user\Desktop\darlingxcom\server\node_modules\express\lib\router\index.js:469:13)
    at Function.<anonymous> (C:\Users\user\Desktop\darlingxcom\server\node_modules\express\lib\application.js:227:21)
    at Array.forEach (<anonymous>)
    at Function.use (C:\Users\user\Desktop\darlingxcom\server\node_modules\express\lib\application.js:224:7)
    at Object.<anonymous> (C:\Users\user\Desktop\darlingxcom\server\server.js:98:5)
    at Module._compile (node:internal/modules/cjs/loader:1730:14)
    at Object..js (node:internal/modules/cjs/loader:1895:10)
    at Module.load (node:internal/modules/cjs/loader:1465:32)
    at Function._load (node:internal/modules/cjs/loader:1282:12)
    at TracingChannel.traceSync (node:diagnostics_channel:322:14)
2025-08-15 00:01:02 [ERROR]: Ошибка загрузки данных из GitHub:
2025-08-15 00:01:02 [ERROR]: Ошибка загрузки данных из GitHub:
2025-08-15 00:01:02 [ERROR]: Ошибка сохранения данных в GitHub:
2025-08-15 00:01:27 [ERROR]: Ошибка загрузки данных из GitHub:
2025-08-15 00:01:28 [ERROR]: Ошибка загрузки данных из GitHub:
2025-08-15 00:01:28 [ERROR]: Ошибка сохранения данных в GitHub:
2025-08-15 00:01:50 [ERROR]: Ошибка сохранения данных в GitHub:
